Protocol=NEC Address=0x2 Command=0x34 Raw-Data=0xCB34FD02 32 bits LSB first
Protocol=NEC Address=0x102 Command=0x34 Raw-Data=0xCB340102 32 bits LSB first
Protocol=NEC Address=0x80 Command=0x45 Raw-Data=0xBA457F80 32 bits LSB first
Protocol=NEC Address=0x102 Command=0x34 Parity fail Raw-Data=0xC0340102 32 bits LSB first
Protocol=NEC Address=0x102 Command=0x34 Raw-Data=0xCB340102 32 bits LSB first
Protocol=SHARP Address=0x2 Command=0x34 Raw-Data=0x8D2 15 bits MSB first
Protocol=SHARP Address=0x2 Command=0x34 Auto-Repeat gap=44600us Raw-Data=0xB2D 15 bits MSB first
Protocol=SONY Address=0x2 Command=0x34 Raw-Data=0x134 12 bits LSB first
Protocol=SONY Address=0x2 Command=0x34 Raw-Data=0x134 15 bits LSB first
Protocol=SONY Address=0x0 Command=0x0 Raw-Data=0x0 0 bits LSB first
Protocol=SONY Address=0x102 Command=0x34 Raw-Data=0x8134 20 bits LSB first
Protocol=NEC Address=0x3 Command=0x45 Raw-Data=0xBA45FC03 32 bits LSB first
Protocol=NEC Address=0x3 Command=0x45 Repeat gap=47550us
Protocol=NEC Address=0x203 Command=0x45 Raw-Data=0xBA450203 32 bits LSB first
Protocol=NEC Address=0x203 Command=0x45 Repeat gap=47550us
Protocol=SHARP Address=0x3 Command=0x45 Raw-Data=0xD16 15 bits MSB first
Protocol=SHARP Address=0x3 Command=0x45 Auto-Repeat gap=44550us Raw-Data=0xEE9 15 bits MSB first
Protocol=SHARP Address=0x3 Command=0x45 Repeat gap=44550us Raw-Data=0xD16 15 bits MSB first
Protocol=SHARP Address=0x3 Command=0x45 Auto-Repeat gap=44550us Raw-Data=0xEE9 15 bits MSB first
Protocol=SONY Address=0x3 Command=0x45 Raw-Data=0x1C5 12 bits LSB first
Protocol=SONY Address=0x3 Command=0x45 Repeat gap=24350us Raw-Data=0x1C5 12 bits LSB first
Protocol=SONY Address=0x3 Command=0x45 Raw-Data=0x1C5 15 bits LSB first
Protocol=SONY Address=0x3 Command=0x45 Repeat gap=24350us Raw-Data=0x1C5 15 bits LSB first
Protocol=SONY Address=0x203 Command=0x45 Raw-Data=0x101C5 20 bits LSB first
Protocol=SONY Address=0x203 Command=0x45 Repeat gap=24300us Raw-Data=0x101C5 20 bits LSB first
Protocol=NEC Address=0x2 Command=0x34 Raw-Data=0xCB34FD02 32 bits LSB first
Protocol=NEC Address=0x102 Command=0x34 Raw-Data=0xCB340102 32 bits LSB first
Protocol=NEC Address=0x80 Command=0x45 Raw-Data=0xBA457F80 32 bits LSB first
Protocol=NEC Address=0x102 Command=0x34 Parity fail Raw-Data=0xC0340102 32 bits LSB first
Protocol=NEC Address=0x102 Command=0x34 Raw-Data=0xCB340102 32 bits LSB first
Protocol=SHARP Address=0x2 Command=0x34 Raw-Data=0x8D2 15 bits MSB first
Protocol=SHARP Address=0x2 Command=0x34 Auto-Repeat gap=44600us Raw-Data=0xB2D 15 bits MSB first
Protocol=SONY Address=0x2 Command=0x34 Raw-Data=0x134 12 bits LSB first
Protocol=SONY Address=0x2 Command=0x34 Raw-Data=0x134 15 bits LSB first
Protocol=SONY Address=0x0 Command=0x0 Raw-Data=0x0 0 bits LSB first
Protocol=SONY Address=0x102 Command=0x34 Raw-Data=0x8134 20 bits LSB first
Protocol=NEC Address=0x3 Command=0x45 Raw-Data=0xBA45FC03 32 bits LSB first
Protocol=NEC Address=0x3 Command=0x45 Repeat gap=47550us
Protocol=NEC Address=0x203 Command=0x45 Raw-Data=0xBA450203 32 bits LSB first
Protocol=NEC Address=0x203 Command=0x45 Repeat gap=47550us
Protocol=SHARP Address=0x3 Command=0x45 Raw-Data=0xD16 15 bits MSB first
Protocol=SHARP Address=0x3 Command=0x45 Auto-Repeat gap=44550us Raw-Data=0xEE9 15 bits MSB first
Protocol=SHARP Address=0x3 Command=0x45 Repeat gap=44550us Raw-Data=0xD16 15 bits MSB first
Protocol=SHARP Address=0x3 Command=0x45 Auto-Repeat gap=44550us Raw-Data=0xEE9 15 bits MSB first
Protocol=SONY Address=0x3 Command=0x45 Raw-Data=0x1C5 12 bits LSB first
Protocol=SONY Address=0x3 Command=0x45 Repeat gap=24350us Raw-Data=0x1C5 12 bits LSB first
Protocol=SONY Address=0x3 Command=0x45 Raw-Data=0x1C5 15 bits LSB first
Protocol=SONY Address=0x3 Command=0x45 Repeat gap=24350us Raw-Data=0x1C5 15 bits LSB first
Protocol=SONY Address=0x203 Command=0x45 Raw-Data=0x101C5 20 bits LSB first
Protocol=SONY Address=0x203 Command=0x45 Repeat gap=24300us Raw-Data=0x101C5 20 bits LSB first
Protocol=NEC Address=0x2 Command=0x34 Raw-Data=0xCB34FD02 32 bits LSB first
Protocol=NEC Address=0x102 Command=0x34 Raw-Data=0xCB340102 32 bits LSB first
Protocol=NEC Address=0x80 Command=0x45 Raw-Data=0xBA457F80 32 bits LSB first
Protocol=NEC Address=0x102 Command=0x34 Parity fail Raw-Data=0xC0340102 32 bits LSB first
Protocol=NEC Address=0x102 Command=0x34 Raw-Data=0xCB340102 32 bits LSB first
Protocol=SHARP Address=0x2 Command=0x34 Raw-Data=0x8D2 15 bits MSB first
Protocol=SHARP Address=0x2 Command=0x34 Auto-Repeat gap=44600us Raw-Data=0xB2D 15 bits MSB first
Protocol=SONY Address=0x2 Command=0x34 Raw-Data=0x134 12 bits LSB first
Protocol=SONY Address=0x2 Command=0x34 Raw-Data=0x134 15 bits LSB first
Protocol=SONY Address=0x0 Command=0x0 Raw-Data=0x0 0 bits LSB first
Protocol=SONY Address=0x102 Command=0x34 Raw-Data=0x8134 20 bits LSB first
Protocol=NEC Address=0x3 Command=0x45 Raw-Data=0xBA45FC03 32 bits LSB first
Protocol=NEC Address=0x3 Command=0x45 Repeat gap=47550us
Protocol=NEC Address=0x203 Command=0x45 Raw-Data=0xBA450203 32 bits LSB first
Protocol=NEC Address=0x203 Command=0x45 Repeat gap=47550us
Protocol=SHARP Address=0x3 Command=0x45 Raw-Data=0xD16 15 bits MSB first
Protocol=SHARP Address=0x3 Command=0x45 Auto-Repeat gap=44550us Raw-Data=0xEE9 15 bits MSB first
Protocol=SHARP Address=0x3 Command=0x45 Repeat gap=44550us Raw-Data=0xD16 15 bits MSB first
Protocol=SHARP Address=0x3 Command=0x45 Auto-Repeat gap=44550us Raw-Data=0xEE9 15 bits MSB first
Protocol=SONY Address=0x3 Command=0x45 Raw-Data=0x1C5 12 bits LSB first
Protocol=SONY Address=0x3 Command=0x45 Repeat gap=24350us Raw-Data=0x1C5 12 bits LSB first
Protocol=SONY Address=0x3 Command=0x45 Raw-Data=0x1C5 15 bits LSB first
Protocol=SONY Address=0x3 Command=0x45 Repeat gap=24350us Raw-Data=0x1C5 15 bits LSB first
Protocol=SONY Address=0x203 Command=0x45 Raw-Data=0x101C5 20 bits LSB first
Protocol=SONY Address=0x203 Command=0x45 Repeat gap=24300us Raw-Data=0x101C5 20 bits LSB first
Protocol=NEC Address=0x2 Command=0x34 Raw-Data=0xCB34FD02 32 bits LSB first
Protocol=NEC Address=0x102 Command=0x34 Raw-Data=0xCB340102 32 bits LSB first
Protocol=NEC Address=0x80 Command=0x45 Raw-Data=0xBA457F80 32 bits LSB first
Protocol=NEC Address=0x102 Command=0x34 Parity fail Raw-Data=0xC0340102 32 bits LSB first
Protocol=NEC Address=0x102 Command=0x34 Raw-Data=0xCB340102 32 bits LSB first
Protocol=SHARP Address=0x2 Command=0x34 Raw-Data=0x8D2 15 bits MSB first
Protocol=SHARP Address=0x2 Command=0x34 Auto-Repeat gap=44600us Raw-Data=0xB2D 15 bits MSB first
Protocol=SONY Address=0x2 Command=0x34 Raw-Data=0x134 12 bits LSB first
Protocol=SONY Address=0x2 Command=0x34 Raw-Data=0x134 15 bits LSB first
Protocol=SONY Address=0x0 Command=0x0 Raw-Data=0x0 0 bits LSB first
Protocol=SONY Address=0x102 Command=0x34 Raw-Data=0x8134 20 bits LSB first
Protocol=NEC Address=0x3 Command=0x45 Raw-Data=0xBA45FC03 32 bits LSB first
Protocol=NEC Address=0x3 Command=0x45 Repeat gap=47550us
Protocol=NEC Address=0x203 Command=0x45 Raw-Data=0xBA450203 32 bits LSB first
Protocol=NEC Address=0x203 Command=0x45 Repeat gap=47550us
Protocol=SHARP Address=0x3 Command=0x45 Raw-Data=0xD16 15 bits MSB first
Protocol=SHARP Address=0x3 Command=0x45 Auto-Repeat gap=44550us Raw-Data=0xEE9 15 bits MSB first
Protocol=SHARP Address=0x3 Command=0x45 Repeat gap=44550us Raw-Data=0xD16 15 bits MSB first
Protocol=SHARP Address=0x3 Command=0x45 Auto-Repeat gap=44550us Raw-Data=0xEE9 15 bits MSB first
Protocol=SONY Address=0x3 Command=0x45 Raw-Data=0x1C5 12 bits LSB first
Protocol=SONY Address=0x3 Command=0x45 Repeat gap=24350us Raw-Data=0x1C5 12 bits LSB first
Protocol=SONY Address=0x3 Command=0x45 Raw-Data=0x1C5 15 bits LSB first
Protocol=SONY Address=0x3 Command=0x45 Repeat gap=24350us Raw-Data=0x1C5 15 bits LSB first
Protocol=SONY Address=0x203 Command=0x45 Raw-Data=0x101C5 20 bits LSB first
Protocol=SONY Address=0x203 Command=0x45 Repeat gap=24300us Raw-Data=0x101C5 20 bits LSB first